2021-07-13 12:30:32 0 [Note] InnoDB: Mutexes and rw_locks use Windows interlocked functions
2021-07-13 12:30:32 0 [Note] InnoDB: Uses event mutexes
2021-07-13 12:30:32 0 [Note] InnoDB: Compressed tables use zlib 1.2.11
2021-07-13 12:30:32 0 [Note] InnoDB: Number of pools: 1
2021-07-13 12:30:32 0 [Note] InnoDB: Using SSE2 crc32 instructions
2021-07-13 12:30:32 0 [Note] InnoDB: Initializing buffer pool, total size = 16M, instances = 1, chunk size = 16M
2021-07-13 12:30:32 0 [Note] InnoDB: Completed initialization of buffer pool
2021-07-13 12:30:32 0 [Note] InnoDB: Starting crash recovery from checkpoint LSN=300288
2021-07-13 12:30:32 0 [Note] InnoDB: 128 out of 128 rollback segments are active.
2021-07-13 12:30:32 0 [Note] InnoDB: Removed temporary tablespace data file: "ibtmp1"
2021-07-13 12:30:32 0 [Note] InnoDB: Creating shared tablespace for temporary tables
2021-07-13 12:30:32 0 [Note] InnoDB: Setting file 'C:\xampp\mysql\data\ibtmp1' size to 12 MB. Physically writing the file full; Please wait ...
2021-07-13 12:30:32 0 [Note] InnoDB: File 'C:\xampp\mysql\data\ibtmp1' size is now 12 MB.
2021-07-13 12:30:32 0 [Note] InnoDB: Waiting for purge to start
2021-07-13 12:30:32 0 [Note] InnoDB: 10.4.20 started; log sequence number 300297; transaction id 170
2021-07-13 12:30:32 0 [Note] InnoDB: Loading buffer pool(s) from C:\xampp\mysql\data\ib_buffer_pool
2021-07-13 12:30:32 0 [Note] Plugin 'FEEDBACK' is disabled.
2021-07-13 12:30:32 0 [Note] Server socket created on IP: '::'.
2021-07-13 12:30:33 0 [Note] Reading of all Master_info entries succeeded
2021-07-13 12:30:33 0 [Note] Added new Master_info '' to hash table
2021-07-13 12:30:33 0 [Note] mysql\bin\mysqld.exe: ready for connections.
Version: '10.4.20-MariaDB'  socket: ''  port: 3306  mariadb.org binary distribution
2021-07-13 12:30:33 0 [Note] InnoDB: Buffer pool(s) load completed at 210713 12:30:33
2021-07-13 12:41:31 0 [Note] InnoDB: Mutexes and rw_locks use Windows interlocked functions
2021-07-13 12:41:31 0 [Note] InnoDB: Uses event mutexes
2021-07-13 12:41:31 0 [Note] InnoDB: Compressed tables use zlib 1.2.11
2021-07-13 12:41:31 0 [Note] InnoDB: Number of pools: 1
2021-07-13 12:41:31 0 [Note] InnoDB: Using SSE2 crc32 instructions
2021-07-13 12:41:31 0 [Note] InnoDB: Initializing buffer pool, total size = 16M, instances = 1, chunk size = 16M
2021-07-13 12:41:31 0 [Note] InnoDB: Completed initialization of buffer pool
2021-07-13 12:41:31 0 [Note] InnoDB: Starting crash recovery from checkpoint LSN=300306
2021-07-13 12:41:33 0 [Note] InnoDB: 128 out of 128 rollback segments are active.
2021-07-13 12:41:33 0 [Note] InnoDB: Removed temporary tablespace data file: "ibtmp1"
2021-07-13 12:41:33 0 [Note] InnoDB: Creating shared tablespace for temporary tables
2021-07-13 12:41:33 0 [Note] InnoDB: Setting file 'C:\xampp\mysql\data\ibtmp1' size to 12 MB. Physically writing the file full; Please wait ...
2021-07-13 12:41:33 0 [Note] InnoDB: File 'C:\xampp\mysql\data\ibtmp1' size is now 12 MB.
2021-07-13 12:41:33 0 [Note] InnoDB: Waiting for purge to start
2021-07-13 12:41:33 0 [Note] InnoDB: 10.4.20 started; log sequence number 300315; transaction id 170
2021-07-13 12:41:33 0 [Note] InnoDB: Loading buffer pool(s) from C:\xampp\mysql\data\ib_buffer_pool
2021-07-13 12:41:33 0 [Note] Plugin 'FEEDBACK' is disabled.
2021-07-13 12:41:33 0 [Note] Server socket created on IP: '::'.
2021-07-13 12:50:55 0 [Note] InnoDB: Mutexes and rw_locks use Windows interlocked functions
2021-07-13 12:50:55 0 [Note] InnoDB: Uses event mutexes
2021-07-13 12:50:55 0 [Note] InnoDB: Compressed tables use zlib 1.2.11
2021-07-13 12:50:55 0 [Note] InnoDB: Number of pools: 1
2021-07-13 12:50:55 0 [Note] InnoDB: Using SSE2 crc32 instructions
2021-07-13 12:50:55 0 [Note] InnoDB: Initializing buffer pool, total size = 16M, instances = 1, chunk size = 16M
2021-07-13 12:50:55 0 [Note] InnoDB: Completed initialization of buffer pool
2021-07-13 12:50:56 0 [Note] InnoDB: Starting crash recovery from checkpoint LSN=300324
2021-07-13 12:50:56 0 [Note] InnoDB: 128 out of 128 rollback segments are active.
2021-07-13 12:50:56 0 [Note] InnoDB: Removed temporary tablespace data file: "ibtmp1"
2021-07-13 12:50:56 0 [Note] InnoDB: Creating shared tablespace for temporary tables
2021-07-13 12:50:56 0 [Note] InnoDB: Setting file 'C:\xampp\mysql\data\ibtmp1' size to 12 MB. Physically writing the file full; Please wait ...
2021-07-13 12:50:56 0 [Note] InnoDB: File 'C:\xampp\mysql\data\ibtmp1' size is now 12 MB.
2021-07-13 12:50:56 0 [Note] InnoDB: Waiting for purge to start
2021-07-13 12:50:56 0 [Note] InnoDB: 10.4.20 started; log sequence number 300333; transaction id 170
2021-07-13 12:50:56 0 [Note] InnoDB: Loading buffer pool(s) from C:\xampp\mysql\data\ib_buffer_pool
2021-07-13 12:50:56 0 [Note] Plugin 'FEEDBACK' is disabled.
2021-07-13 12:50:56 0 [Note] Server socket created on IP: '::'.
2021-07-13 20:12:45 0 [Note] InnoDB: Mutexes and rw_locks use Windows interlocked functions
2021-07-13 20:12:45 0 [Note] InnoDB: Uses event mutexes
2021-07-13 20:12:45 0 [Note] InnoDB: Compressed tables use zlib 1.2.11
2021-07-13 20:12:45 0 [Note] InnoDB: Number of pools: 1
2021-07-13 20:12:45 0 [Note] InnoDB: Using SSE2 crc32 instructions
2021-07-13 20:12:45 0 [Note] InnoDB: Initializing buffer pool, total size = 16M, instances = 1, chunk size = 16M
2021-07-13 20:12:45 0 [Note] InnoDB: Completed initialization of buffer pool
2021-07-13 20:12:45 0 [Note] InnoDB: Starting crash recovery from checkpoint LSN=650727
2021-07-13 20:12:47 0 [Note] InnoDB: 128 out of 128 rollback segments are active.
2021-07-13 20:12:47 0 [Note] InnoDB: Removed temporary tablespace data file: "ibtmp1"
2021-07-13 20:12:47 0 [Note] InnoDB: Creating shared tablespace for temporary tables
2021-07-13 20:12:47 0 [Note] InnoDB: Setting file 'C:\xampp\mysql\data\ibtmp1' size to 12 MB. Physically writing the file full; Please wait ...
2021-07-13 20:12:47 0 [Note] InnoDB: File 'C:\xampp\mysql\data\ibtmp1' size is now 12 MB.
2021-07-13 20:12:47 0 [Note] InnoDB: Waiting for purge to start
2021-07-13 20:12:47 0 [Note] InnoDB: 10.4.20 started; log sequence number 650736; transaction id 492
2021-07-13 20:12:47 0 [Note] InnoDB: Loading buffer pool(s) from C:\xampp\mysql\data\ib_buffer_pool
2021-07-13 20:12:47 0 [Note] Plugin 'FEEDBACK' is disabled.
2021-07-13 20:12:47 0 [Note] InnoDB: Buffer pool(s) load completed at 210713 20:12:47
2021-07-13 20:12:47 0 [Note] Server socket created on IP: '::'.
2021-07-15 10:06:05 0 [Note] InnoDB: Mutexes and rw_locks use Windows interlocked functions
2021-07-15 10:06:05 0 [Note] InnoDB: Uses event mutexes
2021-07-15 10:06:05 0 [Note] InnoDB: Compressed tables use zlib 1.2.11
2021-07-15 10:06:05 0 [Note] InnoDB: Number of pools: 1
2021-07-15 10:06:05 0 [Note] InnoDB: Using SSE2 crc32 instructions
2021-07-15 10:06:05 0 [Note] InnoDB: Initializing buffer pool, total size = 16M, instances = 1, chunk size = 16M
2021-07-15 10:06:05 0 [Note] InnoDB: Completed initialization of buffer pool
2021-07-15 10:06:05 0 [Note] InnoDB: Starting crash recovery from checkpoint LSN=675406
2021-07-15 10:06:07 0 [Note] InnoDB: 128 out of 128 rollback segments are active.
2021-07-15 10:06:07 0 [Note] InnoDB: Removed temporary tablespace data file: "ibtmp1"
2021-07-15 10:06:07 0 [Note] InnoDB: Creating shared tablespace for temporary tables
2021-07-15 10:06:07 0 [Note] InnoDB: Setting file 'C:\xampp\mysql\data\ibtmp1' size to 12 MB. Physically writing the file full; Please wait ...
2021-07-15 10:06:07 0 [Note] InnoDB: File 'C:\xampp\mysql\data\ibtmp1' size is now 12 MB.
2021-07-15 10:06:07 0 [Note] InnoDB: Waiting for purge to start
2021-07-15 10:06:07 0 [Note] InnoDB: 10.4.20 started; log sequence number 675415; transaction id 572
2021-07-15 10:06:07 0 [Note] InnoDB: Loading buffer pool(s) from C:\xampp\mysql\data\ib_buffer_pool
2021-07-15 10:06:07 0 [Note] Plugin 'FEEDBACK' is disabled.
2021-07-15 10:06:07 0 [Note] InnoDB: Buffer pool(s) load completed at 210715 10:06:07
2021-07-15 10:06:07 0 [Note] Server socket created on IP: '::'.
2021-08-21 19:52:52 0 [Note] InnoDB: Mutexes and rw_locks use Windows interlocked functions
2021-08-21 19:52:52 0 [Note] InnoDB: Uses event mutexes
2021-08-21 19:52:52 0 [Note] InnoDB: Compressed tables use zlib 1.2.11
2021-08-21 19:52:52 0 [Note] InnoDB: Number of pools: 1
2021-08-21 19:52:52 0 [Note] InnoDB: Using SSE2 crc32 instructions
2021-08-21 19:52:52 0 [Note] InnoDB: Initializing buffer pool, total size = 16M, instances = 1, chunk size = 16M
2021-08-21 19:52:52 0 [Note] InnoDB: Completed initialization of buffer pool
2021-08-21 19:52:52 0 [Note] InnoDB: Starting crash recovery from checkpoint LSN=677442
2021-08-21 19:52:54 0 [Note] InnoDB: 128 out of 128 rollback segments are active.
2021-08-21 19:52:54 0 [Note] InnoDB: Removed temporary tablespace data file: "ibtmp1"
2021-08-21 19:52:54 0 [Note] InnoDB: Creating shared tablespace for temporary tables
2021-08-21 19:52:54 0 [Note] InnoDB: Setting file 'C:\xampp\mysql\data\ibtmp1' size to 12 MB. Physically writing the file full; Please wait ...
2021-08-21 19:52:54 0 [Note] InnoDB: File 'C:\xampp\mysql\data\ibtmp1' size is now 12 MB.
2021-08-21 19:52:54 0 [Note] InnoDB: Waiting for purge to start
2021-08-21 19:52:54 0 [Note] InnoDB: 10.4.20 started; log sequence number 677451; transaction id 599
2021-08-21 19:52:54 0 [Note] Plugin 'FEEDBACK' is disabled.
2021-08-21 19:52:54 0 [Note] InnoDB: Loading buffer pool(s) from C:\xampp\mysql\data\ib_buffer_pool
2021-08-21 19:52:54 0 [Note] InnoDB: Buffer pool(s) load completed at 210821 19:52:54
2021-08-21 19:52:54 0 [Note] Server socket created on IP: '::'.
2021-08-26 16:08:07 0 [Note] InnoDB: Mutexes and rw_locks use Windows interlocked functions
2021-08-26 16:08:07 0 [Note] InnoDB: Uses event mutexes
2021-08-26 16:08:07 0 [Note] InnoDB: Compressed tables use zlib 1.2.11
2021-08-26 16:08:07 0 [Note] InnoDB: Number of pools: 1
2021-08-26 16:08:07 0 [Note] InnoDB: Using SSE2 crc32 instructions
2021-08-26 16:08:07 0 [Note] InnoDB: Initializing buffer pool, total size = 16M, instances = 1, chunk size = 16M
2021-08-26 16:08:07 0 [Note] InnoDB: Completed initialization of buffer pool
2021-08-26 16:08:07 0 [Note] InnoDB: Starting crash recovery from checkpoint LSN=688575
2021-08-26 16:08:09 0 [Note] InnoDB: 128 out of 128 rollback segments are active.
2021-08-26 16:08:09 0 [Note] InnoDB: Removed temporary tablespace data file: "ibtmp1"
2021-08-26 16:08:09 0 [Note] InnoDB: Creating shared tablespace for temporary tables
2021-08-26 16:08:09 0 [Note] InnoDB: Setting file 'C:\xampp\mysql\data\ibtmp1' size to 12 MB. Physically writing the file full; Please wait ...
2021-08-26 16:08:09 0 [Note] InnoDB: File 'C:\xampp\mysql\data\ibtmp1' size is now 12 MB.
2021-08-26 16:08:09 0 [Note] InnoDB: Waiting for purge to start
2021-08-26 16:08:09 0 [Note] InnoDB: 10.4.20 started; log sequence number 688584; transaction id 659
2021-08-26 16:08:09 0 [Note] InnoDB: Loading buffer pool(s) from C:\xampp\mysql\data\ib_buffer_pool
2021-08-26 16:08:09 0 [Note] Plugin 'FEEDBACK' is disabled.
2021-08-26 16:08:09 0 [Note] InnoDB: Buffer pool(s) load completed at 210826 16:08:09
2021-08-26 16:08:10 0 [Note] Server socket created on IP: '::'.
2021-08-30 23:03:26 0 [Note] InnoDB: Mutexes and rw_locks use Windows interlocked functions
2021-08-30 23:03:26 0 [Note] InnoDB: Uses event mutexes
2021-08-30 23:03:26 0 [Note] InnoDB: Compressed tables use zlib 1.2.11
2021-08-30 23:03:26 0 [Note] InnoDB: Number of pools: 1
2021-08-30 23:03:26 0 [Note] InnoDB: Using SSE2 crc32 instructions
2021-08-30 23:03:26 0 [Note] InnoDB: Initializing buffer pool, total size = 16M, instances = 1, chunk size = 16M
2021-08-30 23:03:26 0 [Note] InnoDB: Completed initialization of buffer pool
2021-08-30 23:03:26 0 [Note] InnoDB: Starting crash recovery from checkpoint LSN=690134
2021-08-30 23:03:28 0 [Note] InnoDB: 128 out of 128 rollback segments are active.
2021-08-30 23:03:28 0 [Note] InnoDB: Removed temporary tablespace data file: "ibtmp1"
2021-08-30 23:03:28 0 [Note] InnoDB: Creating shared tablespace for temporary tables
2021-08-30 23:03:28 0 [Note] InnoDB: Setting file 'C:\xampp\mysql\data\ibtmp1' size to 12 MB. Physically writing the file full; Please wait ...
2021-08-30 23:03:28 0 [Note] InnoDB: File 'C:\xampp\mysql\data\ibtmp1' size is now 12 MB.
2021-08-30 23:03:28 0 [Note] InnoDB: Waiting for purge to start
2021-08-30 23:03:28 0 [Note] InnoDB: 10.4.20 started; log sequence number 690143; transaction id 685
2021-08-30 23:03:28 0 [Note] InnoDB: Loading buffer pool(s) from C:\xampp\mysql\data\ib_buffer_pool
2021-08-30 23:03:28 0 [Note] Plugin 'FEEDBACK' is disabled.
2021-08-30 23:03:28 0 [Note] InnoDB: Buffer pool(s) load completed at 210830 23:03:28
2021-08-30 23:03:28 0 [Note] Server socket created on IP: '::'.
2021-09-30 14:46:00 0 [Note] InnoDB: Mutexes and rw_locks use Windows interlocked functions
2021-09-30 14:46:00 0 [Note] InnoDB: Uses event mutexes
2021-09-30 14:46:00 0 [Note] InnoDB: Compressed tables use zlib 1.2.11
2021-09-30 14:46:00 0 [Note] InnoDB: Number of pools: 1
2021-09-30 14:46:00 0 [Note] InnoDB: Using SSE2 crc32 instructions
2021-09-30 14:46:00 0 [Note] InnoDB: Initializing buffer pool, total size = 16M, instances = 1, chunk size = 16M
2021-09-30 14:46:00 0 [Note] InnoDB: Completed initialization of buffer pool
2021-09-30 14:46:01 0 [Note] InnoDB: Starting crash recovery from checkpoint LSN=722836
2021-09-30 14:46:02 0 [Note] InnoDB: 128 out of 128 rollback segments are active.
2021-09-30 14:46:02 0 [Note] InnoDB: Removed temporary tablespace data file: "ibtmp1"
2021-09-30 14:46:02 0 [Note] InnoDB: Creating shared tablespace for temporary tables
2021-09-30 14:46:02 0 [Note] InnoDB: Setting file 'C:\xampp\mysql\data\ibtmp1' size to 12 MB. Physically writing the file full; Please wait ...
2021-09-30 14:46:02 0 [Note] InnoDB: File 'C:\xampp\mysql\data\ibtmp1' size is now 12 MB.
2021-09-30 14:46:02 0 [Note] InnoDB: Waiting for purge to start
2021-09-30 14:46:02 0 [Note] InnoDB: 10.4.20 started; log sequence number 722845; transaction id 827
2021-09-30 14:46:02 0 [Note] InnoDB: Loading buffer pool(s) from C:\xampp\mysql\data\ib_buffer_pool
2021-09-30 14:46:02 0 [Note] Plugin 'FEEDBACK' is disabled.
2021-09-30 14:46:03 0 [Note] Server socket created on IP: '::'.
2022-09-18 23:46:00 0 [Note] InnoDB: Mutexes and rw_locks use Windows interlocked functions
2022-09-18 23:46:00 0 [Note] InnoDB: Uses event mutexes
2022-09-18 23:46:00 0 [Note] InnoDB: Compressed tables use zlib 1.2.11
2022-09-18 23:46:00 0 [Note] InnoDB: Number of pools: 1
2022-09-18 23:46:00 0 [Note] InnoDB: Using SSE2 crc32 instructions
2022-09-18 23:46:00 0 [Note] InnoDB: Initializing buffer pool, total size = 16M, instances = 1, chunk size = 16M
2022-09-18 23:46:00 0 [Note] InnoDB: Completed initialization of buffer pool
2022-09-18 23:46:00 0 [Note] InnoDB: Starting crash recovery from checkpoint LSN=748498
2022-09-18 23:46:01 0 [Note] InnoDB: 128 out of 128 rollback segments are active.
2022-09-18 23:46:01 0 [Note] InnoDB: Removed temporary tablespace data file: "ibtmp1"
2022-09-18 23:46:01 0 [Note] InnoDB: Creating shared tablespace for temporary tables
2022-09-18 23:46:01 0 [Note] InnoDB: Setting file 'C:\xampp\mysql\data\ibtmp1' size to 12 MB. Physically writing the file full; Please wait ...
2022-09-18 23:46:01 0 [Note] InnoDB: File 'C:\xampp\mysql\data\ibtmp1' size is now 12 MB.
2022-09-18 23:46:01 0 [Note] InnoDB: Waiting for purge to start
2022-09-18 23:46:01 0 [Note] InnoDB: 10.4.24 started; log sequence number 748507; transaction id 922
2022-09-18 23:46:01 0 [Note] InnoDB: Loading buffer pool(s) from C:\xampp\mysql\data\ib_buffer_pool
2022-09-18 23:46:01 0 [Note] Plugin 'FEEDBACK' is disabled.
2022-09-18 23:46:01 0 [Note] Server socket created on IP: '::'.
2022-09-18 23:52:52 0 [Note] InnoDB: Mutexes and rw_locks use Windows interlocked functions
2022-09-18 23:52:52 0 [Note] InnoDB: Uses event mutexes
2022-09-18 23:52:52 0 [Note] InnoDB: Compressed tables use zlib 1.2.11
2022-09-18 23:52:52 0 [Note] InnoDB: Number of pools: 1
2022-09-18 23:52:52 0 [Note] InnoDB: Using SSE2 crc32 instructions
2022-09-18 23:52:52 0 [Note] InnoDB: Initializing buffer pool, total size = 16M, instances = 1, chunk size = 16M
2022-09-18 23:52:52 0 [Note] InnoDB: Completed initialization of buffer pool
2022-09-18 23:52:52 0 [Note] InnoDB: Starting crash recovery from checkpoint LSN=750291
2022-09-18 23:52:52 0 [Note] InnoDB: 128 out of 128 rollback segments are active.
2022-09-18 23:52:52 0 [Note] InnoDB: Removed temporary tablespace data file: "ibtmp1"
2022-09-18 23:52:52 0 [Note] InnoDB: Creating shared tablespace for temporary tables
2022-09-18 23:52:52 0 [Note] InnoDB: Setting file 'C:\xampp\mysql\data\ibtmp1' size to 12 MB. Physically writing the file full; Please wait ...
2022-09-18 23:52:52 0 [Note] InnoDB: File 'C:\xampp\mysql\data\ibtmp1' size is now 12 MB.
2022-09-18 23:52:52 0 [Note] InnoDB: Waiting for purge to start
2022-09-18 23:52:52 0 [Note] InnoDB: 10.4.24 started; log sequence number 750300; transaction id 956
2022-09-18 23:52:52 0 [Note] InnoDB: Loading buffer pool(s) from C:\xampp\mysql\data\ib_buffer_pool
2022-09-18 23:52:52 0 [Note] Plugin 'FEEDBACK' is disabled.
2022-09-18 23:52:52 0 [Note] Server socket created on IP: '::'.
